<?xml version="1.0" encoding="UTF-8"?>
<!-- Generated by org.testng.reporters.JUnitReportReporter -->
<testsuite hostname="K006-Ubuntu" name="selenium.ExerciciosTest" tests="1" failures="0" timestamp="18 Nov 2016 17:35:42 GMT" time="2.503" errors="0">
  <testcase name="testEnviarComentario" time="2.503" classname="selenium.ExerciciosTest"/>
</testsuite> <!-- selenium.ExerciciosTest -->
